This file contains any messages produced by compilers while
running configure, to aid debugging if configure makes a mistake.

It was created by daisy-player configure 8.3, which was
generated by GNU Autoconf 2.69.  Invocation command line was

  $ ./configure 

## --------- ##
## Platform. ##
## --------- ##

hostname = jojo
uname -m = x86_64
uname -r = 3.5.0-17-generic
uname -s = Linux
uname -v = #28-Ubuntu SMP Tue Oct 9 19:31:23 UTC 2012

/usr/bin/uname -p = unknown
/bin/uname -X     = unknown

/bin/arch              = unknown
/usr/bin/arch -k       = unknown
/usr/convex/getsysinfo = unknown
/usr/bin/hostinfo      = unknown
/bin/machine           = unknown
/usr/bin/oslevel       = unknown
/bin/universe          = unknown

PATH: /usr/local/sbin
PATH: /usr/local/bin
PATH: /usr/sbin
PATH: /usr/bin
PATH: /sbin
PATH: /bin
PATH: /usr/games
PATH: /usr/local/games
PATH: .
PATH: /usr/sbin
PATH: /sbin
PATH: /opt/bin
PATH: /opt/bin/sound
PATH: /opt/bin/speech


## ----------- ##
## Core tests. ##
## ----------- ##

configure:2408: checking for a BSD-compatible install
configure:2476: result: /usr/bin/install -c
configure:2487: checking whether build environment is sane
configure:2537: result: yes
configure:2678: checking for a thread-safe mkdir -p
configure:2717: result: /bin/mkdir -p
configure:2730: checking for gawk
configure:2746: found /usr/bin/gawk
configure:2757: result: gawk
configure:2768: checking whether make sets $(MAKE)
configure:2790: result: yes
configure:2933: checking for g++
configure:2949: found /usr/bin/g++
configure:2960: result: g++
configure:2987: checking for C++ compiler version
configure:2996: g++ --version >&5
g++ (Ubuntu/Linaro 4.7.3-1ubuntu1) 4.7.3
Copyright (C) 2012 Free Software Foundation, Inc.
This is free software; see the source for copying conditions.  There is NO
warranty; not even for MERCHANTABILITY or FITNESS FOR A PARTICULAR PURPOSE.

configure:3007: $? = 0
configure:2996: g++ -v >&5
Using built-in specs.
COLLECT_GCC=g++
COLLECT_LTO_WRAPPER=/usr/lib/gcc/x86_64-linux-gnu/4.7/lto-wrapper
Target: x86_64-linux-gnu
Configured with: ../src/configure -v --with-pkgversion='Ubuntu/Linaro 4.7.3-1ubuntu1' --with-bugurl=file:///usr/share/doc/gcc-4.7/README.Bugs --enable-languages=c,c++,go,fortran,objc,obj-c++ --prefix=/usr --program-suffix=-4.7 --enable-shared --enable-linker-build-id --libexecdir=/usr/lib --without-included-gettext --enable-threads=posix --with-gxx-include-dir=/usr/include/c++/4.7 --libdir=/usr/lib --enable-nls --with-sysroot=/ --enable-clocale=gnu --enable-libstdcxx-debug --enable-libstdcxx-time=yes --enable-gnu-unique-object --enable-plugin --with-system-zlib --enable-objc-gc --with-cloog --enable-cloog-backend=ppl --disable-cloog-version-check --disable-ppl-version-check --enable-multiarch --disable-werror --with-arch-32=i686 --with-abi=m64 --with-multilib-list=m32,m64,mx32 --with-tune=generic --enable-checking=release --build=x86_64-linux-gnu --host=x86_64-linux-gnu --target=x86_64-linux-gnu
Thread model: posix
gcc version 4.7.3 (Ubuntu/Linaro 4.7.3-1ubuntu1) 
configure:3007: $? = 0
configure:2996: g++ -V >&5
g++: error: unrecognized command line option '-V'
g++: fatal error: no input files
compilation terminated.
configure:3007: $? = 4
configure:2996: g++ -qversion >&5
g++: error: unrecognized command line option '-qversion'
g++: fatal error: no input files
compilation terminated.
configure:3007: $? = 4
configure:3027: checking whether the C++ compiler works
configure:3049: g++    conftest.cpp  >&5
configure:3053: $? = 0
configure:3101: result: yes
configure:3104: checking for C++ compiler default output file name
configure:3106: result: a.out
configure:3112: checking for suffix of executables
configure:3119: g++ -o conftest    conftest.cpp  >&5
configure:3123: $? = 0
configure:3145: result: 
configure:3167: checking whether we are cross compiling
configure:3175: g++ -o conftest    conftest.cpp  >&5
configure:3179: $? = 0
configure:3186: ./conftest
configure:3190: $? = 0
configure:3205: result: no
configure:3210: checking for suffix of object files
configure:3232: g++ -c   conftest.cpp >&5
configure:3236: $? = 0
configure:3257: result: o
configure:3261: checking whether we are using the GNU C++ compiler
configure:3280: g++ -c   conftest.cpp >&5
configure:3280: $? = 0
configure:3289: result: yes
configure:3298: checking whether g++ accepts -g
configure:3318: g++ -c -g  conftest.cpp >&5
configure:3318: $? = 0
configure:3359: result: yes
configure:3393: checking for style of include used by make
configure:3421: result: GNU
configure:3447: checking dependency style of g++
configure:3558: result: gcc3
configure:3577: checking for gawk
configure:3604: result: gawk
configure:3663: checking for gcc
configure:3679: found /usr/bin/gcc
configure:3690: result: gcc
configure:3919: checking for C compiler version
configure:3928: gcc --version >&5
gcc (Ubuntu/Linaro 4.7.3-1ubuntu1) 4.7.3
Copyright (C) 2012 Free Software Foundation, Inc.
This is free software; see the source for copying conditions.  There is NO
warranty; not even for MERCHANTABILITY or FITNESS FOR A PARTICULAR PURPOSE.

configure:3939: $? = 0
configure:3928: gcc -v >&5
Using built-in specs.
COLLECT_GCC=gcc
COLLECT_LTO_WRAPPER=/usr/lib/gcc/x86_64-linux-gnu/4.7/lto-wrapper
Target: x86_64-linux-gnu
Configured with: ../src/configure -v --with-pkgversion='Ubuntu/Linaro 4.7.3-1ubuntu1' --with-bugurl=file:///usr/share/doc/gcc-4.7/README.Bugs --enable-languages=c,c++,go,fortran,objc,obj-c++ --prefix=/usr --program-suffix=-4.7 --enable-shared --enable-linker-build-id --libexecdir=/usr/lib --without-included-gettext --enable-threads=posix --with-gxx-include-dir=/usr/include/c++/4.7 --libdir=/usr/lib --enable-nls --with-sysroot=/ --enable-clocale=gnu --enable-libstdcxx-debug --enable-libstdcxx-time=yes --enable-gnu-unique-object --enable-plugin --with-system-zlib --enable-objc-gc --with-cloog --enable-cloog-backend=ppl --disable-cloog-version-check --disable-ppl-version-check --enable-multiarch --disable-werror --with-arch-32=i686 --with-abi=m64 --with-multilib-list=m32,m64,mx32 --with-tune=generic --enable-checking=release --build=x86_64-linux-gnu --host=x86_64-linux-gnu --target=x86_64-linux-gnu
Thread model: posix
gcc version 4.7.3 (Ubuntu/Linaro 4.7.3-1ubuntu1) 
configure:3939: $? = 0
configure:3928: gcc -V >&5
gcc: error: unrecognized command line option '-V'
gcc: fatal error: no input files
compilation terminated.
configure:3939: $? = 4
configure:3928: gcc -qversion >&5
gcc: error: unrecognized command line option '-qversion'
gcc: fatal error: no input files
compilation terminated.
configure:3939: $? = 4
configure:3943: checking whether we are using the GNU C compiler
configure:3962: gcc -c   conftest.c >&5
configure:3962: $? = 0
configure:3971: result: yes
configure:3980: checking whether gcc accepts -g
configure:4000: gcc -c -g  conftest.c >&5
configure:4000: $? = 0
configure:4041: result: yes
configure:4058: checking for gcc option to accept ISO C89
configure:4121: gcc  -c -g -O2  conftest.c >&5
configure:4121: $? = 0
configure:4134: result: none needed
configure:4156: checking dependency style of gcc
configure:4267: result: gcc3
configure:4287: checking how to run the C preprocessor
configure:4318: gcc -E  conftest.c
configure:4318: $? = 0
configure:4332: gcc -E  conftest.c
conftest.c:11:28: fatal error: ac_nonexistent.h: No such file or directory
compilation terminated.
configure:4332: $? = 1
configure: failed program was:
| /* confdefs.h */
| #define PACKAGE_NAME "daisy-player"
| #define PACKAGE_TARNAME "daisy-player"
| #define PACKAGE_VERSION "8.3"
| #define PACKAGE_STRING "daisy-player 8.3"
| #define PACKAGE_BUGREPORT "jos@jlemmens.nl"
| #define PACKAGE_URL ""
| #define PACKAGE "daisy-player"
| #define VERSION "8.3"
| /* end confdefs.h.  */
| #include <ac_nonexistent.h>
configure:4357: result: gcc -E
configure:4377: gcc -E  conftest.c
configure:4377: $? = 0
configure:4391: gcc -E  conftest.c
conftest.c:11:28: fatal error: ac_nonexistent.h: No such file or directory
compilation terminated.
configure:4391: $? = 1
configure: failed program was:
| /* confdefs.h */
| #define PACKAGE_NAME "daisy-player"
| #define PACKAGE_TARNAME "daisy-player"
| #define PACKAGE_VERSION "8.3"
| #define PACKAGE_STRING "daisy-player 8.3"
| #define PACKAGE_BUGREPORT "jos@jlemmens.nl"
| #define PACKAGE_URL ""
| #define PACKAGE "daisy-player"
| #define VERSION "8.3"
| /* end confdefs.h.  */
| #include <ac_nonexistent.h>
configure:4420: checking whether ln -s works
configure:4424: result: yes
configure:4431: checking whether make sets $(MAKE)
configure:4453: result: yes
configure:4505: checking for ranlib
configure:4521: found /usr/bin/ranlib
configure:4532: result: ranlib
configure:4558: checking for main in -lcdio
configure:4577: gcc -o conftest -g -O2   conftest.c -lcdio   >&5
configure:4577: $? = 0
configure:4586: result: yes
configure:4598: checking for main in -lcdio_cdda
configure:4617: gcc -o conftest -g -O2   conftest.c -lcdio_cdda  -lcdio  >&5
configure:4617: $? = 0
configure:4626: result: yes
configure:4638: checking for main in -lcdio_paranoia
configure:4657: gcc -o conftest -g -O2   conftest.c -lcdio_paranoia  -lcdio_cdda -lcdio  >&5
configure:4657: $? = 0
configure:4666: result: yes
configure:4678: checking for main in -lncursesw
configure:4697: gcc -o conftest -g -O2   conftest.c -lncursesw  -lcdio_paranoia -lcdio_cdda -lcdio  >&5
configure:4697: $? = 0
configure:4706: result: yes
configure:4718: checking for main in -lsox
configure:4737: gcc -o conftest -g -O2   conftest.c -lsox  -lncursesw -lcdio_paranoia -lcdio_cdda -lcdio  >&5
configure:4737: $? = 0
configure:4746: result: yes
configure:4758: checking for main in -lxml2
configure:4777: gcc -o conftest -g -O2   conftest.c -lxml2  -lsox -lncursesw -lcdio_paranoia -lcdio_cdda -lcdio  >&5
configure:4777: $? = 0
configure:4786: result: yes
configure:4800: checking for grep that handles long lines and -e
configure:4858: result: /bin/grep
configure:4863: checking for egrep
configure:4925: result: /bin/grep -E
configure:4930: checking for ANSI C header files
configure:4950: gcc -c -g -O2  conftest.c >&5
configure:4950: $? = 0
configure:5023: gcc -o conftest -g -O2   conftest.c -lxml2 -lsox -lncursesw -lcdio_paranoia -lcdio_cdda -lcdio  >&5
configure:5023: $? = 0
configure:5023: ./conftest
configure:5023: $? = 0
configure:5034: result: yes
configure:5047: checking for sys/types.h
configure:5047: gcc -c -g -O2  conftest.c >&5
configure:5047: $? = 0
configure:5047: result: yes
configure:5047: checking for sys/stat.h
configure:5047: gcc -c -g -O2  conftest.c >&5
configure:5047: $? = 0
configure:5047: result: yes
configure:5047: checking for stdlib.h
configure:5047: gcc -c -g -O2  conftest.c >&5
configure:5047: $? = 0
configure:5047: result: yes
configure:5047: checking for string.h
configure:5047: gcc -c -g -O2  conftest.c >&5
configure:5047: $? = 0
configure:5047: result: yes
configure:5047: checking for memory.h
configure:5047: gcc -c -g -O2  conftest.c >&5
configure:5047: $? = 0
configure:5047: result: yes
configure:5047: checking for strings.h
configure:5047: gcc -c -g -O2  conftest.c >&5
configure:5047: $? = 0
configure:5047: result: yes
configure:5047: checking for inttypes.h
configure:5047: gcc -c -g -O2  conftest.c >&5
configure:5047: $? = 0
configure:5047: result: yes
configure:5047: checking for stdint.h
configure:5047: gcc -c -g -O2  conftest.c >&5
configure:5047: $? = 0
configure:5047: result: yes
configure:5047: checking for unistd.h
configure:5047: gcc -c -g -O2  conftest.c >&5
configure:5047: $? = 0
configure:5047: result: yes
configure:5062: checking libintl.h usability
configure:5062: gcc -c -g -O2  conftest.c >&5
configure:5062: $? = 0
configure:5062: result: yes
configure:5062: checking libintl.h presence
configure:5062: gcc -E  conftest.c
configure:5062: $? = 0
configure:5062: result: yes
configure:5062: checking for libintl.h
configure:5062: result: yes
configure:5062: checking locale.h usability
configure:5062: gcc -c -g -O2  conftest.c >&5
configure:5062: $? = 0
configure:5062: result: yes
configure:5062: checking locale.h presence
configure:5062: gcc -E  conftest.c
configure:5062: $? = 0
configure:5062: result: yes
configure:5062: checking for locale.h
configure:5062: result: yes
configure:5062: checking for stdlib.h
configure:5062: result: yes
configure:5062: checking for string.h
configure:5062: result: yes
configure:5074: checking fcntl.h usability
configure:5074: gcc -c -g -O2  conftest.c >&5
configure:5074: $? = 0
configure:5074: result: yes
configure:5074: checking fcntl.h presence
configure:5074: gcc -E  conftest.c
configure:5074: $? = 0
configure:5074: result: yes
configure:5074: checking for fcntl.h
configure:5074: result: yes
configure:5086: checking sys/ioctl.h usability
configure:5086: gcc -c -g -O2  conftest.c >&5
configure:5086: $? = 0
configure:5086: result: yes
configure:5086: checking sys/ioctl.h presence
configure:5086: gcc -E  conftest.c
configure:5086: $? = 0
configure:5086: result: yes
configure:5086: checking for sys/ioctl.h
configure:5086: result: yes
configure:5098: checking for inline
configure:5114: gcc -c -g -O2  conftest.c >&5
configure:5114: $? = 0
configure:5122: result: inline
configure:5140: checking for int16_t
configure:5140: gcc -c -g -O2  conftest.c >&5
configure:5140: $? = 0
configure:5140: gcc -c -g -O2  conftest.c >&5
conftest.c: In function 'main':
conftest.c:70:12: error: size of array 'test_array' is negative
configure:5140: $? = 1
configure: failed program was:
| /* confdefs.h */
| #define PACKAGE_NAME "daisy-player"
| #define PACKAGE_TARNAME "daisy-player"
| #define PACKAGE_VERSION "8.3"
| #define PACKAGE_STRING "daisy-player 8.3"
| #define PACKAGE_BUGREPORT "jos@jlemmens.nl"
| #define PACKAGE_URL ""
| #define PACKAGE "daisy-player"
| #define VERSION "8.3"
| #define HAVE_LIBCDIO 1
| #define HAVE_LIBCDIO_CDDA 1
| #define HAVE_LIBCDIO_PARANOIA 1
| #define HAVE_LIBNCURSESW 1
| #define HAVE_LIBSOX 1
| #define HAVE_LIBXML2 1
| #define STDC_HEADERS 1
| #define HAVE_SYS_TYPES_H 1
| #define HAVE_SYS_STAT_H 1
| #define HAVE_STDLIB_H 1
| #define HAVE_STRING_H 1
| #define HAVE_MEMORY_H 1
| #define HAVE_STRINGS_H 1
| #define HAVE_INTTYPES_H 1
| #define HAVE_STDINT_H 1
| #define HAVE_UNISTD_H 1
| #define HAVE_LIBINTL_H 1
| #define HAVE_LOCALE_H 1
| #define HAVE_STDLIB_H 1
| #define HAVE_STRING_H 1
| #define HAVE_FCNTL_H 1
| #define HAVE_SYS_IOCTL_H 1
| /* end confdefs.h.  */
| #include <stdio.h>
| #ifdef HAVE_SYS_TYPES_H
| # include <sys/types.h>
| #endif
| #ifdef HAVE_SYS_STAT_H
| # include <sys/stat.h>
| #endif
| #ifdef STDC_HEADERS
| # include <stdlib.h>
| # include <stddef.h>
| #else
| # ifdef HAVE_STDLIB_H
| #  include <stdlib.h>
| # endif
| #endif
| #ifdef HAVE_STRING_H
| # if !defined STDC_HEADERS && defined HAVE_MEMORY_H
| #  include <memory.h>
| # endif
| # include <string.h>
| #endif
| #ifdef HAVE_STRINGS_H
| # include <strings.h>
| #endif
| #ifdef HAVE_INTTYPES_H
| # include <inttypes.h>
| #endif
| #ifdef HAVE_STDINT_H
| # include <stdint.h>
| #endif
| #ifdef HAVE_UNISTD_H
| # include <unistd.h>
| #endif
| 	        enum { N = 16 / 2 - 1 };
| int
| main ()
| {
| static int test_array [1 - 2 * !((int16_t) (((((int16_t) 1 << N) << N) - 1) * 2 + 1)
| 		 < (int16_t) (((((int16_t) 1 << N) << N) - 1) * 2 + 2))];
| test_array [0] = 0;
| return test_array [0];
| 
|   ;
|   return 0;
| }
configure:5140: result: yes
configure:5151: checking for pid_t
configure:5151: gcc -c -g -O2  conftest.c >&5
configure:5151: $? = 0
configure:5151: gcc -c -g -O2  conftest.c >&5
conftest.c: In function 'main':
conftest.c:69:20: error: expected expression before ')' token
configure:5151: $? = 1
configure: failed program was:
| /* confdefs.h */
| #define PACKAGE_NAME "daisy-player"
| #define PACKAGE_TARNAME "daisy-player"
| #define PACKAGE_VERSION "8.3"
| #define PACKAGE_STRING "daisy-player 8.3"
| #define PACKAGE_BUGREPORT "jos@jlemmens.nl"
| #define PACKAGE_URL ""
| #define PACKAGE "daisy-player"
| #define VERSION "8.3"
| #define HAVE_LIBCDIO 1
| #define HAVE_LIBCDIO_CDDA 1
| #define HAVE_LIBCDIO_PARANOIA 1
| #define HAVE_LIBNCURSESW 1
| #define HAVE_LIBSOX 1
| #define HAVE_LIBXML2 1
| #define STDC_HEADERS 1
| #define HAVE_SYS_TYPES_H 1
| #define HAVE_SYS_STAT_H 1
| #define HAVE_STDLIB_H 1
| #define HAVE_STRING_H 1
| #define HAVE_MEMORY_H 1
| #define HAVE_STRINGS_H 1
| #define HAVE_INTTYPES_H 1
| #define HAVE_STDINT_H 1
| #define HAVE_UNISTD_H 1
| #define HAVE_LIBINTL_H 1
| #define HAVE_LOCALE_H 1
| #define HAVE_STDLIB_H 1
| #define HAVE_STRING_H 1
| #define HAVE_FCNTL_H 1
| #define HAVE_SYS_IOCTL_H 1
| /* end confdefs.h.  */
| #include <stdio.h>
| #ifdef HAVE_SYS_TYPES_H
| # include <sys/types.h>
| #endif
| #ifdef HAVE_SYS_STAT_H
| # include <sys/stat.h>
| #endif
| #ifdef STDC_HEADERS
| # include <stdlib.h>
| # include <stddef.h>
| #else
| # ifdef HAVE_STDLIB_H
| #  include <stdlib.h>
| # endif
| #endif
| #ifdef HAVE_STRING_H
| # if !defined STDC_HEADERS && defined HAVE_MEMORY_H
| #  include <memory.h>
| # endif
| # include <string.h>
| #endif
| #ifdef HAVE_STRINGS_H
| # include <strings.h>
| #endif
| #ifdef HAVE_INTTYPES_H
| # include <inttypes.h>
| #endif
| #ifdef HAVE_STDINT_H
| # include <stdint.h>
| #endif
| #ifdef HAVE_UNISTD_H
| # include <unistd.h>
| #endif
| int
| main ()
| {
| if (sizeof ((pid_t)))
| 	    return 0;
|   ;
|   return 0;
| }
configure:5151: result: yes
configure:5162: checking for size_t
configure:5162: gcc -c -g -O2  conftest.c >&5
configure:5162: $? = 0
configure:5162: gcc -c -g -O2  conftest.c >&5
conftest.c: In function 'main':
conftest.c:69:21: error: expected expression before ')' token
configure:5162: $? = 1
configure: failed program was:
| /* confdefs.h */
| #define PACKAGE_NAME "daisy-player"
| #define PACKAGE_TARNAME "daisy-player"
| #define PACKAGE_VERSION "8.3"
| #define PACKAGE_STRING "daisy-player 8.3"
| #define PACKAGE_BUGREPORT "jos@jlemmens.nl"
| #define PACKAGE_URL ""
| #define PACKAGE "daisy-player"
| #define VERSION "8.3"
| #define HAVE_LIBCDIO 1
| #define HAVE_LIBCDIO_CDDA 1
| #define HAVE_LIBCDIO_PARANOIA 1
| #define HAVE_LIBNCURSESW 1
| #define HAVE_LIBSOX 1
| #define HAVE_LIBXML2 1
| #define STDC_HEADERS 1
| #define HAVE_SYS_TYPES_H 1
| #define HAVE_SYS_STAT_H 1
| #define HAVE_STDLIB_H 1
| #define HAVE_STRING_H 1
| #define HAVE_MEMORY_H 1
| #define HAVE_STRINGS_H 1
| #define HAVE_INTTYPES_H 1
| #define HAVE_STDINT_H 1
| #define HAVE_UNISTD_H 1
| #define HAVE_LIBINTL_H 1
| #define HAVE_LOCALE_H 1
| #define HAVE_STDLIB_H 1
| #define HAVE_STRING_H 1
| #define HAVE_FCNTL_H 1
| #define HAVE_SYS_IOCTL_H 1
| /* end confdefs.h.  */
| #include <stdio.h>
| #ifdef HAVE_SYS_TYPES_H
| # include <sys/types.h>
| #endif
| #ifdef HAVE_SYS_STAT_H
| # include <sys/stat.h>
| #endif
| #ifdef STDC_HEADERS
| # include <stdlib.h>
| # include <stddef.h>
| #else
| # ifdef HAVE_STDLIB_H
| #  include <stdlib.h>
| # endif
| #endif
| #ifdef HAVE_STRING_H
| # if !defined STDC_HEADERS && defined HAVE_MEMORY_H
| #  include <memory.h>
| # endif
| # include <string.h>
| #endif
| #ifdef HAVE_STRINGS_H
| # include <strings.h>
| #endif
| #ifdef HAVE_INTTYPES_H
| # include <inttypes.h>
| #endif
| #ifdef HAVE_STDINT_H
| # include <stdint.h>
| #endif
| #ifdef HAVE_UNISTD_H
| # include <unistd.h>
| #endif
| int
| main ()
| {
| if (sizeof ((size_t)))
| 	    return 0;
|   ;
|   return 0;
| }
configure:5162: result: yes
configure:5176: checking whether NLS is requested
configure:5185: result: yes
configure:5226: checking for msgfmt
configure: trying /usr/bin/msgfmt...
0 translated messages.
configure:5258: result: /usr/bin/msgfmt
configure:5267: checking for gmsgfmt
configure:5298: result: /usr/bin/msgfmt
configure:5349: checking for xgettext
configure: trying /usr/bin/xgettext...
/usr/bin/xgettext: warning: file `/dev/null' extension `' is unknown; will try C
configure:5381: result: /usr/bin/xgettext
configure:5427: checking for msgmerge
configure: trying /usr/bin/msgmerge...
configure:5458: result: /usr/bin/msgmerge
configure:5495: checking build system type
configure:5509: result: x86_64-unknown-linux-gnu
configure:5529: checking host system type
configure:5542: result: x86_64-unknown-linux-gnu
configure:5586: checking for ld used by GCC
configure:5650: result: /usr/bin/ld
configure:5657: checking if the linker (/usr/bin/ld) is GNU ld
configure:5670: result: yes
configure:5677: checking for shared library run path origin
configure:5690: result: done
configure:6262: checking for CFPreferencesCopyAppValue
configure:6280: gcc -o conftest -g -O2   conftest.c -lxml2 -lsox -lncursesw -lcdio_paranoia -lcdio_cdda -lcdio  -Wl,-framework -Wl,CoreFoundation >&5
conftest.c:33:42: fatal error: CoreFoundation/CFPreferences.h: No such file or directory
compilation terminated.
configure:6280: $? = 1
configure: failed program was:
| /* confdefs.h */
| #define PACKAGE_NAME "daisy-player"
| #define PACKAGE_TARNAME "daisy-player"
| #define PACKAGE_VERSION "8.3"
| #define PACKAGE_STRING "daisy-player 8.3"
| #define PACKAGE_BUGREPORT "jos@jlemmens.nl"
| #define PACKAGE_URL ""
| #define PACKAGE "daisy-player"
| #define VERSION "8.3"
| #define HAVE_LIBCDIO 1
| #define HAVE_LIBCDIO_CDDA 1
| #define HAVE_LIBCDIO_PARANOIA 1
| #define HAVE_LIBNCURSESW 1
| #define HAVE_LIBSOX 1
| #define HAVE_LIBXML2 1
| #define STDC_HEADERS 1
| #define HAVE_SYS_TYPES_H 1
| #define HAVE_SYS_STAT_H 1
| #define HAVE_STDLIB_H 1
| #define HAVE_STRING_H 1
| #define HAVE_MEMORY_H 1
| #define HAVE_STRINGS_H 1
| #define HAVE_INTTYPES_H 1
| #define HAVE_STDINT_H 1
| #define HAVE_UNISTD_H 1
| #define HAVE_LIBINTL_H 1
| #define HAVE_LOCALE_H 1
| #define HAVE_STDLIB_H 1
| #define HAVE_STRING_H 1
| #define HAVE_FCNTL_H 1
| #define HAVE_SYS_IOCTL_H 1
| /* end confdefs.h.  */
| #include <CoreFoundation/CFPreferences.h>
| int
| main ()
| {
| CFPreferencesCopyAppValue(NULL, NULL)
|   ;
|   return 0;
| }
configure:6289: result: no
configure:6296: checking for CFLocaleCopyCurrent
configure:6314: gcc -o conftest -g -O2   conftest.c -lxml2 -lsox -lncursesw -lcdio_paranoia -lcdio_cdda -lcdio  -Wl,-framework -Wl,CoreFoundation >&5
conftest.c:33:37: fatal error: CoreFoundation/CFLocale.h: No such file or directory
compilation terminated.
configure:6314: $? = 1
configure: failed program was:
| /* confdefs.h */
| #define PACKAGE_NAME "daisy-player"
| #define PACKAGE_TARNAME "daisy-player"
| #define PACKAGE_VERSION "8.3"
| #define PACKAGE_STRING "daisy-player 8.3"
| #define PACKAGE_BUGREPORT "jos@jlemmens.nl"
| #define PACKAGE_URL ""
| #define PACKAGE "daisy-player"
| #define VERSION "8.3"
| #define HAVE_LIBCDIO 1
| #define HAVE_LIBCDIO_CDDA 1
| #define HAVE_LIBCDIO_PARANOIA 1
| #define HAVE_LIBNCURSESW 1
| #define HAVE_LIBSOX 1
| #define HAVE_LIBXML2 1
| #define STDC_HEADERS 1
| #define HAVE_SYS_TYPES_H 1
| #define HAVE_SYS_STAT_H 1
| #define HAVE_STDLIB_H 1
| #define HAVE_STRING_H 1
| #define HAVE_MEMORY_H 1
| #define HAVE_STRINGS_H 1
| #define HAVE_INTTYPES_H 1
| #define HAVE_STDINT_H 1
| #define HAVE_UNISTD_H 1
| #define HAVE_LIBINTL_H 1
| #define HAVE_LOCALE_H 1
| #define HAVE_STDLIB_H 1
| #define HAVE_STRING_H 1
| #define HAVE_FCNTL_H 1
| #define HAVE_SYS_IOCTL_H 1
| /* end confdefs.h.  */
| #include <CoreFoundation/CFLocale.h>
| int
| main ()
| {
| CFLocaleCopyCurrent();
|   ;
|   return 0;
| }
configure:6323: result: no
configure:6372: checking for GNU gettext in libc
configure:6392: gcc -o conftest -g -O2   conftest.c -lxml2 -lsox -lncursesw -lcdio_paranoia -lcdio_cdda -lcdio  >&5
configure:6392: $? = 0
configure:6401: result: yes
configure:7192: checking whether to use NLS
configure:7194: result: yes
configure:7197: checking where the gettext function comes from
configure:7208: result: libc
configure:7268: checking vfork.h usability
configure:7268: gcc -c -g -O2  conftest.c >&5
conftest.c:69:19: fatal error: vfork.h: No such file or directory
compilation terminated.
configure:7268: $? = 1
configure: failed program was:
| /* confdefs.h */
| #define PACKAGE_NAME "daisy-player"
| #define PACKAGE_TARNAME "daisy-player"
| #define PACKAGE_VERSION "8.3"
| #define PACKAGE_STRING "daisy-player 8.3"
| #define PACKAGE_BUGREPORT "jos@jlemmens.nl"
| #define PACKAGE_URL ""
| #define PACKAGE "daisy-player"
| #define VERSION "8.3"
| #define HAVE_LIBCDIO 1
| #define HAVE_LIBCDIO_CDDA 1
| #define HAVE_LIBCDIO_PARANOIA 1
| #define HAVE_LIBNCURSESW 1
| #define HAVE_LIBSOX 1
| #define HAVE_LIBXML2 1
| #define STDC_HEADERS 1
| #define HAVE_SYS_TYPES_H 1
| #define HAVE_SYS_STAT_H 1
| #define HAVE_STDLIB_H 1
| #define HAVE_STRING_H 1
| #define HAVE_MEMORY_H 1
| #define HAVE_STRINGS_H 1
| #define HAVE_INTTYPES_H 1
| #define HAVE_STDINT_H 1
| #define HAVE_UNISTD_H 1
| #define HAVE_LIBINTL_H 1
| #define HAVE_LOCALE_H 1
| #define HAVE_STDLIB_H 1
| #define HAVE_STRING_H 1
| #define HAVE_FCNTL_H 1
| #define HAVE_SYS_IOCTL_H 1
| #define ENABLE_NLS 1
| #define HAVE_GETTEXT 1
| #define HAVE_DCGETTEXT 1
| /* end confdefs.h.  */
| #include <stdio.h>
| #ifdef HAVE_SYS_TYPES_H
| # include <sys/types.h>
| #endif
| #ifdef HAVE_SYS_STAT_H
| # include <sys/stat.h>
| #endif
| #ifdef STDC_HEADERS
| # include <stdlib.h>
| # include <stddef.h>
| #else
| # ifdef HAVE_STDLIB_H
| #  include <stdlib.h>
| # endif
| #endif
| #ifdef HAVE_STRING_H
| # if !defined STDC_HEADERS && defined HAVE_MEMORY_H
| #  include <memory.h>
| # endif
| # include <string.h>
| #endif
| #ifdef HAVE_STRINGS_H
| # include <strings.h>
| #endif
| #ifdef HAVE_INTTYPES_H
| # include <inttypes.h>
| #endif
| #ifdef HAVE_STDINT_H
| # include <stdint.h>
| #endif
| #ifdef HAVE_UNISTD_H
| # include <unistd.h>
| #endif
| #include <vfork.h>
configure:7268: result: no
configure:7268: checking vfork.h presence
configure:7268: gcc -E  conftest.c
conftest.c:36:19: fatal error: vfork.h: No such file or directory
compilation terminated.
configure:7268: $? = 1
configure: failed program was:
| /* confdefs.h */
| #define PACKAGE_NAME "daisy-player"
| #define PACKAGE_TARNAME "daisy-player"
| #define PACKAGE_VERSION "8.3"
| #define PACKAGE_STRING "daisy-player 8.3"
| #define PACKAGE_BUGREPORT "jos@jlemmens.nl"
| #define PACKAGE_URL ""
| #define PACKAGE "daisy-player"
| #define VERSION "8.3"
| #define HAVE_LIBCDIO 1
| #define HAVE_LIBCDIO_CDDA 1
| #define HAVE_LIBCDIO_PARANOIA 1
| #define HAVE_LIBNCURSESW 1
| #define HAVE_LIBSOX 1
| #define HAVE_LIBXML2 1
| #define STDC_HEADERS 1
| #define HAVE_SYS_TYPES_H 1
| #define HAVE_SYS_STAT_H 1
| #define HAVE_STDLIB_H 1
| #define HAVE_STRING_H 1
| #define HAVE_MEMORY_H 1
| #define HAVE_STRINGS_H 1
| #define HAVE_INTTYPES_H 1
| #define HAVE_STDINT_H 1
| #define HAVE_UNISTD_H 1
| #define HAVE_LIBINTL_H 1
| #define HAVE_LOCALE_H 1
| #define HAVE_STDLIB_H 1
| #define HAVE_STRING_H 1
| #define HAVE_FCNTL_H 1
| #define HAVE_SYS_IOCTL_H 1
| #define ENABLE_NLS 1
| #define HAVE_GETTEXT 1
| #define HAVE_DCGETTEXT 1
| /* end confdefs.h.  */
| #include <vfork.h>
configure:7268: result: no
configure:7268: checking for vfork.h
configure:7268: result: no
configure:7281: checking for fork
configure:7281: gcc -o conftest -g -O2   conftest.c -lxml2 -lsox -lncursesw -lcdio_paranoia -lcdio_cdda -lcdio  >&5
conftest.c:59:6: warning: conflicting types for built-in function 'fork' [enabled by default]
configure:7281: $? = 0
configure:7281: result: yes
configure:7281: checking for vfork
configure:7281: gcc -o conftest -g -O2   conftest.c -lxml2 -lsox -lncursesw -lcdio_paranoia -lcdio_cdda -lcdio  >&5
configure:7281: $? = 0
configure:7281: result: yes
configure:7291: checking for working fork
configure:7313: gcc -o conftest -g -O2   conftest.c -lxml2 -lsox -lncursesw -lcdio_paranoia -lcdio_cdda -lcdio  >&5
configure:7313: $? = 0
configure:7313: ./conftest
configure:7313: $? = 0
configure:7323: result: yes
configure:7344: checking for working vfork
configure:7454: result: yes
configure:7481: checking for stdlib.h
configure:7481: result: yes
configure:7491: checking for GNU libc compatible malloc
configure:7515: gcc -o conftest -g -O2   conftest.c -lxml2 -lsox -lncursesw -lcdio_paranoia -lcdio_cdda -lcdio  >&5
configure:7515: $? = 0
configure:7515: ./conftest
configure:7515: $? = 0
configure:7525: result: yes
configure:7546: checking for working strtod
configure:7587: gcc -o conftest -g -O2   conftest.c -lxml2 -lsox -lncursesw -lcdio_paranoia -lcdio_cdda -lcdio  >&5
configure:7587: $? = 0
configure:7587: ./conftest
configure:7587: $? = 0
configure:7597: result: yes
configure:7662: checking for atexit
configure:7662: gcc -o conftest -g -O2   conftest.c -lxml2 -lsox -lncursesw -lcdio_paranoia -lcdio_cdda -lcdio  >&5
configure:7662: $? = 0
configure:7662: result: yes
configure:7662: checking for mkdir
configure:7662: gcc -o conftest -g -O2   conftest.c -lxml2 -lsox -lncursesw -lcdio_paranoia -lcdio_cdda -lcdio  >&5
configure:7662: $? = 0
configure:7662: result: yes
configure:7662: checking for select
configure:7662: gcc -o conftest -g -O2   conftest.c -lxml2 -lsox -lncursesw -lcdio_paranoia -lcdio_cdda -lcdio  >&5
configure:7662: $? = 0
configure:7662: result: yes
configure:7662: checking for setlocale
configure:7662: gcc -o conftest -g -O2   conftest.c -lxml2 -lsox -lncursesw -lcdio_paranoia -lcdio_cdda -lcdio  >&5
configure:7662: $? = 0
configure:7662: result: yes
configure:7662: checking for strcasecmp
configure:7662: gcc -o conftest -g -O2   conftest.c -lxml2 -lsox -lncursesw -lcdio_paranoia -lcdio_cdda -lcdio  >&5
conftest.c:69:6: warning: conflicting types for built-in function 'strcasecmp' [enabled by default]
configure:7662: $? = 0
configure:7662: result: yes
configure:7662: checking for strchr
configure:7662: gcc -o conftest -g -O2   conftest.c -lxml2 -lsox -lncursesw -lcdio_paranoia -lcdio_cdda -lcdio  >&5
conftest.c:70:6: warning: conflicting types for built-in function 'strchr' [enabled by default]
configure:7662: $? = 0
configure:7662: result: yes
configure:7662: checking for strdup
configure:7662: gcc -o conftest -g -O2   conftest.c -lxml2 -lsox -lncursesw -lcdio_paranoia -lcdio_cdda -lcdio  >&5
conftest.c:71:6: warning: conflicting types for built-in function 'strdup' [enabled by default]
configure:7662: $? = 0
configure:7662: result: yes
configure:7662: checking for strerror
configure:7662: gcc -o conftest -g -O2   conftest.c -lxml2 -lsox -lncursesw -lcdio_paranoia -lcdio_cdda -lcdio  >&5
configure:7662: $? = 0
configure:7662: result: yes
configure:7662: checking for strrchr
configure:7662: gcc -o conftest -g -O2   conftest.c -lxml2 -lsox -lncursesw -lcdio_paranoia -lcdio_cdda -lcdio  >&5
conftest.c:73:6: warning: conflicting types for built-in function 'strrchr' [enabled by default]
configure:7662: $? = 0
configure:7662: result: yes
configure:7662: checking for strstr
configure:7662: gcc -o conftest -g -O2   conftest.c -lxml2 -lsox -lncursesw -lcdio_paranoia -lcdio_cdda -lcdio  >&5
conftest.c:74:6: warning: conflicting types for built-in function 'strstr' [enabled by default]
configure:7662: $? = 0
configure:7662: result: yes
configure:7808: creating ./config.status

## ---------------------- ##
## Running config.status. ##
## ---------------------- ##

This file was extended by daisy-player config.status 8.3, which was
generated by GNU Autoconf 2.69.  Invocation command line was

  CONFIG_FILES    = 
  CONFIG_HEADERS  = 
  CONFIG_LINKS    = 
  CONFIG_COMMANDS = 
  $ ./config.status 

on jojo

config.status:926: creating Makefile
config.status:926: creating doc/Makefile
config.status:926: creating m4/Makefile
config.status:926: creating man/Makefile
config.status:926: creating src/Makefile
config.status:926: creating po/Makefile.in
config.status:926: creating config.h
config.status:1107: config.h is unchanged
config.status:1155: executing depfiles commands
config.status:1155: executing po-directories commands

## ---------------- ##
## Cache variables. ##
## ---------------- ##

ac_cv_build=x86_64-unknown-linux-gnu
ac_cv_c_compiler_gnu=yes
ac_cv_c_inline=inline
ac_cv_c_int16_t=yes
ac_cv_cxx_compiler_gnu=yes
ac_cv_env_CCC_set=
ac_cv_env_CCC_value=
ac_cv_env_CC_set=
ac_cv_env_CC_value=
ac_cv_env_CFLAGS_set=
ac_cv_env_CFLAGS_value=
ac_cv_env_CPPFLAGS_set=
ac_cv_env_CPPFLAGS_value=
ac_cv_env_CPP_set=
ac_cv_env_CPP_value=
ac_cv_env_CXXFLAGS_set=
ac_cv_env_CXXFLAGS_value=
ac_cv_env_CXX_set=
ac_cv_env_CXX_value=
ac_cv_env_LDFLAGS_set=
ac_cv_env_LDFLAGS_value=
ac_cv_env_LIBS_set=
ac_cv_env_LIBS_value=
ac_cv_env_build_alias_set=
ac_cv_env_build_alias_value=
ac_cv_env_host_alias_set=
ac_cv_env_host_alias_value=
ac_cv_env_target_alias_set=
ac_cv_env_target_alias_value=
ac_cv_func_atexit=yes
ac_cv_func_fork=yes
ac_cv_func_fork_works=yes
ac_cv_func_malloc_0_nonnull=yes
ac_cv_func_mkdir=yes
ac_cv_func_select=yes
ac_cv_func_setlocale=yes
ac_cv_func_strcasecmp=yes
ac_cv_func_strchr=yes
ac_cv_func_strdup=yes
ac_cv_func_strerror=yes
ac_cv_func_strrchr=yes
ac_cv_func_strstr=yes
ac_cv_func_strtod=yes
ac_cv_func_vfork=yes
ac_cv_func_vfork_works=yes
ac_cv_header_fcntl_h=yes
ac_cv_header_inttypes_h=yes
ac_cv_header_libintl_h=yes
ac_cv_header_locale_h=yes
ac_cv_header_memory_h=yes
ac_cv_header_stdc=yes
ac_cv_header_stdint_h=yes
ac_cv_header_stdlib_h=yes
ac_cv_header_string_h=yes
ac_cv_header_strings_h=yes
ac_cv_header_sys_ioctl_h=yes
ac_cv_header_sys_stat_h=yes
ac_cv_header_sys_types_h=yes
ac_cv_header_unistd_h=yes
ac_cv_header_vfork_h=no
ac_cv_host=x86_64-unknown-linux-gnu
ac_cv_lib_cdio_cdda_main=yes
ac_cv_lib_cdio_main=yes
ac_cv_lib_cdio_paranoia_main=yes
ac_cv_lib_ncursesw_main=yes
ac_cv_lib_sox_main=yes
ac_cv_lib_xml2_main=yes
ac_cv_objext=o
ac_cv_path_EGREP='/bin/grep -E'
ac_cv_path_GMSGFMT=/usr/bin/msgfmt
ac_cv_path_GREP=/bin/grep
ac_cv_path_MSGFMT=/usr/bin/msgfmt
ac_cv_path_MSGMERGE=/usr/bin/msgmerge
ac_cv_path_XGETTEXT=/usr/bin/xgettext
ac_cv_path_install='/usr/bin/install -c'
ac_cv_path_mkdir=/bin/mkdir
ac_cv_prog_AWK=gawk
ac_cv_prog_CPP='gcc -E'
ac_cv_prog_ac_ct_CC=gcc
ac_cv_prog_ac_ct_CXX=g++
ac_cv_prog_ac_ct_RANLIB=ranlib
ac_cv_prog_cc_c89=
ac_cv_prog_cc_g=yes
ac_cv_prog_cxx_g=yes
ac_cv_prog_make_make_set=yes
ac_cv_type_pid_t=yes
ac_cv_type_size_t=yes
acl_cv_hardcode_direct=no
acl_cv_hardcode_libdir_flag_spec='${wl}-rpath ${wl}$libdir'
acl_cv_hardcode_libdir_separator=
acl_cv_hardcode_minus_L=no
acl_cv_libext=a
acl_cv_libname_spec='lib$name'
acl_cv_library_names_spec='$libname$shrext'
acl_cv_path_LD=/usr/bin/ld
acl_cv_prog_gnu_ld=yes
acl_cv_rpath=done
acl_cv_shlibext=so
acl_cv_wl=-Wl,
am_cv_CC_dependencies_compiler_type=gcc3
am_cv_CXX_dependencies_compiler_type=gcc3
gt_cv_func_CFLocaleCopyCurrent=no
gt_cv_func_CFPreferencesCopyAppValue=no
gt_cv_func_gnugettext1_libc=yes

## ----------------- ##
## Output variables. ##
## ----------------- ##

ACLOCAL='${SHELL} /home/jos/src/own_stuff/daisy-player/missing --run aclocal-1.11'
AMDEPBACKSLASH='\'
AMDEP_FALSE='#'
AMDEP_TRUE=''
AMTAR='$${TAR-tar}'
AUTOCONF='${SHELL} /home/jos/src/own_stuff/daisy-player/missing --run autoconf'
AUTOHEADER='${SHELL} /home/jos/src/own_stuff/daisy-player/missing --run autoheader'
AUTOMAKE='${SHELL} /home/jos/src/own_stuff/daisy-player/missing --run automake-1.11'
AWK='gawk'
CC='gcc'
CCDEPMODE='depmode=gcc3'
CFLAGS='-g -O2'
CPP='gcc -E'
CPPFLAGS=''
CXX='g++'
CXXDEPMODE='depmode=gcc3'
CXXFLAGS='-g -O2'
CYGPATH_W='echo'
DEFS='-DHAVE_CONFIG_H'
DEPDIR='.deps'
ECHO_C=''
ECHO_N='-n'
ECHO_T=''
EGREP='/bin/grep -E'
EXEEXT=''
GETTEXT_MACRO_VERSION='0.18'
GMSGFMT='/usr/bin/msgfmt'
GMSGFMT_015='/usr/bin/msgfmt'
GREP='/bin/grep'
INSTALL_DATA='${INSTALL} -m 644'
INSTALL_PROGRAM='${INSTALL}'
INSTALL_SCRIPT='${INSTALL}'
INSTALL_STRIP_PROGRAM='$(install_sh) -c -s'
INTLLIBS=''
INTL_MACOSX_LIBS=''
LDFLAGS=''
LIBICONV='-liconv'
LIBINTL=''
LIBOBJS=''
LIBS='-lxml2 -lsox -lncursesw -lcdio_paranoia -lcdio_cdda -lcdio '
LN_S='ln -s'
LTLIBICONV='-liconv'
LTLIBINTL=''
LTLIBOBJS=''
MAKEINFO='${SHELL} /home/jos/src/own_stuff/daisy-player/missing --run makeinfo'
MKDIR_P='/bin/mkdir -p'
MSGFMT='/usr/bin/msgfmt'
MSGFMT_015='/usr/bin/msgfmt'
MSGMERGE='/usr/bin/msgmerge'
OBJEXT='o'
PACKAGE='daisy-player'
PACKAGE_BUGREPORT='jos@jlemmens.nl'
PACKAGE_NAME='daisy-player'
PACKAGE_STRING='daisy-player 8.3'
PACKAGE_TARNAME='daisy-player'
PACKAGE_URL=''
PACKAGE_VERSION='8.3'
PATH_SEPARATOR=':'
POSUB='po'
POW_LIB=''
RANLIB='ranlib'
SET_MAKE=''
SHELL='/bin/bash'
STRIP=''
USE_NLS='yes'
VERSION='8.3'
XGETTEXT='/usr/bin/xgettext'
XGETTEXT_015='/usr/bin/xgettext'
XGETTEXT_EXTRA_OPTIONS=''
ac_ct_CC='gcc'
ac_ct_CXX='g++'
am__EXEEXT_FALSE=''
am__EXEEXT_TRUE='#'
am__fastdepCC_FALSE='#'
am__fastdepCC_TRUE=''
am__fastdepCXX_FALSE='#'
am__fastdepCXX_TRUE=''
am__include='include'
am__isrc=''
am__leading_dot='.'
am__nodep='_no'
am__quote=''
am__tar='$${TAR-tar} chof - "$$tardir"'
am__untar='$${TAR-tar} xf -'
bindir='${exec_prefix}/bin'
build='x86_64-unknown-linux-gnu'
build_alias=''
build_cpu='x86_64'
build_os='linux-gnu'
build_vendor='unknown'
datadir='${datarootdir}'
datarootdir='${prefix}/share'
docdir='${datarootdir}/doc/${PACKAGE_TARNAME}'
dvidir='${docdir}'
exec_prefix='${prefix}'
host='x86_64-unknown-linux-gnu'
host_alias=''
host_cpu='x86_64'
host_os='linux-gnu'
host_vendor='unknown'
htmldir='${docdir}'
includedir='${prefix}/include'
infodir='${datarootdir}/info'
install_sh='${SHELL} /home/jos/src/own_stuff/daisy-player/install-sh'
libdir='${exec_prefix}/lib'
libexecdir='${exec_prefix}/libexec'
localedir='${datarootdir}/locale'
localstatedir='${prefix}/var'
mandir='${datarootdir}/man'
mkdir_p='/bin/mkdir -p'
oldincludedir='/usr/include'
pdfdir='${docdir}'
prefix='/usr/local'
program_transform_name='s,x,x,'
psdir='${docdir}'
sbindir='${exec_prefix}/sbin'
sharedstatedir='${prefix}/com'
sysconfdir='${prefix}/etc'
target_alias=''

## ----------- ##
## confdefs.h. ##
## ----------- ##

/* confdefs.h */
#define PACKAGE_NAME "daisy-player"
#define PACKAGE_TARNAME "daisy-player"
#define PACKAGE_VERSION "8.3"
#define PACKAGE_STRING "daisy-player 8.3"
#define PACKAGE_BUGREPORT "jos@jlemmens.nl"
#define PACKAGE_URL ""
#define PACKAGE "daisy-player"
#define VERSION "8.3"
#define HAVE_LIBCDIO 1
#define HAVE_LIBCDIO_CDDA 1
#define HAVE_LIBCDIO_PARANOIA 1
#define HAVE_LIBNCURSESW 1
#define HAVE_LIBSOX 1
#define HAVE_LIBXML2 1
#define STDC_HEADERS 1
#define HAVE_SYS_TYPES_H 1
#define HAVE_SYS_STAT_H 1
#define HAVE_STDLIB_H 1
#define HAVE_STRING_H 1
#define HAVE_MEMORY_H 1
#define HAVE_STRINGS_H 1
#define HAVE_INTTYPES_H 1
#define HAVE_STDINT_H 1
#define HAVE_UNISTD_H 1
#define HAVE_LIBINTL_H 1
#define HAVE_LOCALE_H 1
#define HAVE_STDLIB_H 1
#define HAVE_STRING_H 1
#define HAVE_FCNTL_H 1
#define HAVE_SYS_IOCTL_H 1
#define ENABLE_NLS 1
#define HAVE_GETTEXT 1
#define HAVE_DCGETTEXT 1
#define HAVE_FORK 1
#define HAVE_VFORK 1
#define HAVE_WORKING_VFORK 1
#define HAVE_WORKING_FORK 1
#define HAVE_STDLIB_H 1
#define HAVE_MALLOC 1
#define HAVE_ATEXIT 1
#define HAVE_MKDIR 1
#define HAVE_SELECT 1
#define HAVE_SETLOCALE 1
#define HAVE_STRCASECMP 1
#define HAVE_STRCHR 1
#define HAVE_STRDUP 1
#define HAVE_STRERROR 1
#define HAVE_STRRCHR 1
#define HAVE_STRSTR 1

configure: exit 0
